<?xml version="1.0" encoding="UTF-8" standalone="no"?><testsuite errors="1" failures="0" name="Entry to Banitsmo" skipped="0" tests="1" time="15.68" timestamp="2024-05-09 04:25:20"><testcase name="Verify access to pdf"><error message="Step [i can view pdf] is defined with 1 parameters at 'co.com.choucair.certification.PruebaBanitsmo.stepdefinitions.MyStepdefs.iCanViewPdf(java.lang.String)'.&#10;However, the gherkin step has 0 arguments.&#10;Step text: i can view pdf" type="io.cucumber.core.exception.CucumberException">Step [i can view pdf] is defined with 1 parameters at 'co.com.choucair.certification.PruebaBanitsmo.stepdefinitions.MyStepdefs.iCanViewPdf(java.lang.String)'.
However, the gherkin step has 0 arguments.
Step text: i can view pdf</error><system-err>Step [i can view pdf] is defined with 1 parameters at 'co.com.choucair.certification.PruebaBanitsmo.stepdefinitions.MyStepdefs.iCanViewPdf(java.lang.String)'.
However, the gherkin step has 0 arguments.
Step text: i can view pdf&#13;
io.cucumber.core.runner.PickleStepDefinitionMatch.arityMismatch(PickleStepDefinitionMatch.java:83)&#13;
io.cucumber.core.runner.PickleStepDefinitionMatch.runStep(PickleStepDefinitionMatch.java:42)&#13;
io.cucumber.core.runner.TestStep.executeStep(TestStep.java:84)&#13;
io.cucumber.core.runner.TestStep.run(TestStep.java:56)&#13;
io.cucumber.core.runner.PickleStepTestStep.run(PickleStepTestStep.java:51)&#13;
io.cucumber.core.runner.TestCase.run(TestCase.java:84)&#13;
io.cucumber.core.runner.Runner.runPickle(Runner.java:75)&#13;
io.cucumber.core.runtime.CucumberExecutionContext.lambda$runTestCase$5(CucumberExecutionContext.java:137)&#13;
io.cucumber.core.runtime.RethrowingThrowableCollector.executeAndThrow(RethrowingThrowableCollector.java:23)&#13;
io.cucumber.core.runtime.CucumberExecutionContext.runTestCase(CucumberExecutionContext.java:137)&#13;
io.cucumber.junit.FeatureRunner.runChild(FeatureRunner.java:144)&#13;
io.cucumber.junit.FeatureRunner.runChild(FeatureRunner.java:28)&#13;
io.cucumber.junit.FeatureRunner.run(FeatureRunner.java:137)&#13;
io.cucumber.junit.CucumberSerenityBaseRunner.runChild(CucumberSerenityBaseRunner.java:330)&#13;
io.cucumber.junit.CucumberSerenityBaseRunner.runChild(CucumberSerenityBaseRunner.java:51)&#13;
worker.org.gradle.process.internal.worker.GradleWorkerMain.run(GradleWorkerMain.java:69)&#13;
worker.org.gradle.process.internal.worker.GradleWorkerMain.main(GradleWorkerMain.java:74)&#13;
</system-err></testcase></testsuite>